[13:43:49] Validating multi-service configuration
valid: 2 services
[13:43:49] Generating fresh demo certificates with all configured DNS names
..........+++++++++++++++++++++++++++++++++++++++++++++++++++++++++++++++++*........+.....+++++++++++++++++++++++++++++++++++++++++++++++++++++++++++++++++*..+...............+...+...+..........+........+.+......+...+.........+...+..+............+................+..+......+......+..........+........+......+.......+.........+.....+....+.........+...............+.....+.+.....+.+........................+..............+...+...+......+......+...+......+....+.....+....+..+...............+......+............+...+....+...+...+..+.......+.....+......+........................+................+...+......+..................+......+.....+.........................+.....+....+..+...............+..............................+...+.......+...+...+.....+...+...........................+....+...+...+........+....+......+..+...+......+.............+..+................+..............+....+............+..+.+..+...+...................+...............+..+...+...............+.+.....+.+......+.....+..........+..................+.....+....+..+...+......+.+...+..+....+.....+..................................+.................+...............+..................+......+.+..........................+.........+++++++++++++++++++++++++++++++++++++++++++++++++++++++++++++++++
.+..........+......+......+...+..+.+.........+........+...+...+....+...+++++++++++++++++++++++++++++++++++++++++++++++++++++++++++++++++*..........+.....+...+..........+......+...+++++++++++++++++++++++++++++++++++++++++++++++++++++++++++++++++*..+.+....................+...+..........+..+...+.......+............+..+................+.....+....+.....+....+.....+............+......................+...+...+.........+..+....+..+............+..........+......+.........+..+.........+.+.....+.+........+.........+................+..+.......+...+...+++++++++++++++++++++++++++++++++++++++++++++++++++++++++++++++++
............+.+.........+..+...............+.+..+++++++++++++++++++++++++++++++++++++++++++++++++++++++++++++++++*.+..+.+++++++++++++++++++++++++++++++++++++++++++++++++++++++++++++++++*.....+........+....+........+...............+.......+.....+....+......+........+.......+...+..+....+..+...+....+...............+..+................+..+.......+...............+......+.....+...+.+...+.................+.+........+....+...+.................+.+..+............................+.....+.+.....+..........+...............+...........+.......+........+....+..............+...............+........................+............................+.....+..........+..+.+...............+.........+...+.....+....+.....+.....................+.......+..+.+..+...+.......+...+........+.......+...+...........+...+...............+.+.....+.+..........................+...+....+..+...+............+.+............+.....+................+..............+.+.....+.+...+...+.........+.....+.+..+.+..+++++++++++++++++++++++++++++++++++++++++++++++++++++++++++++++++
....+++++++++++++++++++++++++++++++++++++++++++++++++++++++++++++++++*.+++++++++++++++++++++++++++++++++++++++++++++++++++++++++++++++++*........+.+.....................+.........+.....+.+...............+........+......+.+...+..+........................................+...+.....+.......+........+......+.......+........+.....................+.........+......+...+.+..+....+...............+...+...+..+......+.+..............+.+.........+......+..................+........+..........+..+..........+..................+.....+...................+.........+...........+.+..+.......+...........+............+..................+...+....+........+...+.+...+...........+.+...............+.....+......+...+.......+............+....................+.............+...+..+............+.........................+..+...............+.............+...............+...............+......+..+.............+.....+.........+......+......+..........+.....+....+.........+........+.........+.............+.....+......+......+.+..+.......+...........+.......+........+...+.+.....+.+...............+.....+.......+..+.........+.+........+...+............+.+...........+.........+....+..+.........+.......+.....+..........+..+................+......+........+............+...............+...+...+.........+.+..............+.........................+.........+..+...+.+........+..........+.................+.+........+...............+....+..+.........+....+...+...+..............+...+.............+...........+..........+.....+...+.+..+....+.....+......+...............+.......+...+............+.....+......+....+.....+...+....+...+..+.+..+..............................+..........+...+...+.....+......+....+...........+......+............+.+......+..............+.....................+.........+.......+............+...+..+.+..+.......+..+....+..+.......+......+.....+....+..+.+.........+.........+..+...+.......+..+............+......+...+..........+...........+....+.........+.....+......+.+.........+..............+.......+..........................+.............+....................+.........+.......+...+..+..................+.+.....+...............+.+...+..+................+.....+.........+......+....+.........+..+..................+.........+.............+..+...+.........+++++++++++++++++++++++++++++++++++++++++++++++++++++++++++++++++
Certificate request self-signature ok
subject=C = CN, O = PQC Migration Demo, CN = bank-gateway.local
.+...+..+......+...+..........+.........+.....+.+.........+......+.....+....+..+....+...........+...+.......+...+..+.+..+......+....+........+...+......+.+.....+....+...+........+...+.+....................+++++++++++++++++++++++++++++++++++++++++++++++++++++++++++++++++*..+...+.........+...+......+.....+......+++++++++++++++++++++++++++++++++++++++++++++++++++++++++++++++++*..+.........+.+++++++++++++++++++++++++++++++++++++++++++++++++++++++++++++++++
..+......+...+.........+.....+.+.....+......+.+.....+++++++++++++++++++++++++++++++++++++++++++++++++++++++++++++++++*.+.....+.+..+.............+...+++++++++++++++++++++++++++++++++++++++++++++++++++++++++++++++++*....+.+.....+...............+.+.........+...+............+.....+.............+...+..+..................+............+.+..+..........+...+...........+..........+...........+.............+..............+...+...........................+...............+.+...........+....+...........+.+..+.............+...+.........+.....................+.....+.......+...+..+.......+..+.+..+......+.+.....+.........+.......+.....+....+..................+..+..........+...........+..........+........+.......+..+..................+...+...............+.+....................+...+.+...............+..+....+......+...+......+.....+.+...+........................+..+.....................+.......+...+..+.+..+.......+......+..+....+...+...+.........+.....+................+............+........+..........+...+............+...........................+.................+.........+.........+.+.....+.+.....+......+...+....+...+.....+.........+......+...................+........+......+..........+......+.........+..+.........+......+...+.+.....+.+...+...........+......+....+.........+..+..........+.....+...+....+.........................................+....+++++++++++++++++++++++++++++++++++++++++++++++++++++++++++++++++
Certificate request self-signature ok
subject=C = CN, O = PQC Migration Demo, CN = gateway-client.local
Generated demo RSA-3072 certificate chain in: ./certs
  CA:      ./certs/ca.crt
  Server:  ./certs/server.crt / ./certs/server.key
  Client:  ./certs/client.crt / ./certs/client.key
  SANs:    bank-gateway.local, DNS:strict-gateway.local,DNS:gateway.local,DNS:localhost,IP:127.0.0.1
[13:43:53] Using existing gateway image; set BUILD=1 to rebuild
 Container bank-backend Recreate 
 Container bank-backend Recreated 
 Container pq-gateway Recreate 
 Container pq-gateway Recreated 
 Container bank-backend Starting 
 Container bank-backend Started 
 Container bank-backend Waiting 
 Container bank-backend Healthy 
 Container pq-gateway Starting 
 Container pq-gateway Started 
NAME           IMAGE                                 COMMAND                  SERVICE        CREATED          STATUS                    PORTS
bank-backend   python:3.12-slim                      "python /app/bank_ba…"   bank-backend   31 seconds ago   Up 19 seconds (healthy)   8080/tcp
pq-gateway     pq-migration-gateway-pq-gateway:2.0   "/entrypoint.sh"         pq-gateway     20 seconds ago   Up 12 seconds (healthy)   0.0.0.0:8443->8443/tcp, [::]:8443->8443/tcp, 0.0.0.0:9443->9443/tcp, [::]:9443->9443/tcp
[13:44:28] TLS success test: bank-gateway.local:8443 group=X25519MLKEM768
Connecting to 127.0.0.1
CONNECTION ESTABLISHED
Protocol version: TLSv1.3
Ciphersuite: TLS_AES_256_GCM_SHA384
Peer certificate: C=CN, O=PQC Migration Demo, CN=bank-gateway.local
Hash used: SHA256
Signature type: rsa_pss_rsae_sha256
Verification: OK
Negotiated TLS1.3 group: X25519MLKEM768
DONE
[13:44:28] TLS success test: bank-gateway.local:8443 group=X25519
Connecting to 127.0.0.1
CONNECTION ESTABLISHED
Protocol version: TLSv1.3
Ciphersuite: TLS_AES_256_GCM_SHA384
Peer certificate: C=CN, O=PQC Migration Demo, CN=bank-gateway.local
Hash used: SHA256
Signature type: rsa_pss_rsae_sha256
Verification: OK
Peer Temp Key: X25519, 253 bits
DONE
[13:44:29] TLS success test: strict-gateway.local:9443 group=X25519MLKEM768
Connecting to 127.0.0.1
CONNECTION ESTABLISHED
Protocol version: TLSv1.3
Ciphersuite: TLS_AES_256_GCM_SHA384
Peer certificate: C=CN, O=PQC Migration Demo, CN=bank-gateway.local
Hash used: SHA256
Signature type: rsa_pss_rsae_sha256
Verification: OK
Negotiated TLS1.3 group: X25519MLKEM768
DONE
[13:44:29] TLS rejection test: strict-gateway.local:9443 group=X25519
Connecting to 127.0.0.1
80AB356F62750000:error:0A000410:SSL routines:ssl3_read_bytes:ssl/tls alert handshake failure:ssl/record/rec_layer_s3.c:911:SSL alert number 40
[13:44:30] Expected TLS rejection confirmed
[13:44:30] Testing transparent HTTP reverse proxy without host proxy variables
{"service":"protocol-neutral-demo-backend","request_id":"bdd359351e78f1a95ce74b4573d883ff","forwarded_protocol":"TLSv1.3","forwarded_group":"X25519","gateway_service":"compatibility-gateway"}
[13:44:32] Running static cryptographic inventory v2
{
  "concrete_assets": 6,
  "source_evidence": 123,
  "by_risk": {
    "CRITICAL": 0,
    "HIGH": 3,
    "MEDIUM": 46,
    "LOW": 70,
    "INFO": 10
  },
  "quantum_vulnerable_assets": 6,
  "pqc_assets_or_references": 70
}
[13:44:32] Running online TLS inventory with OpenSSL 3.5 inside the gateway container
{
  "endpoints": 2,
  "reachable": 2,
  "pqc_supported": 2,
  "fallback_enabled": 1
}
{
  "total": 8,
  "by_risk": {
    "CRITICAL": 0,
    "HIGH": 0,
    "MEDIUM": 8,
    "LOW": 0,
    "INFO": 0
  }
}
{
  "database": "/home/yucyang/wkspace/pq-migration-gateway/experiment-results/20260710T054349Z/inventory.db",
  "assets": 6,
  "evidence": 123,
  "endpoints": 2,
  "risk_findings": 8
}
{
  "services": 2,
  "passed": 2,
  "failed": 0
}
{
  "connections": 4,
  "hybrid_pqc": 2,
  "classical_fallback": 2,
  "unknown": 0,
  "hybrid_adoption_rate": 0.5,
  "invalid_log_lines": 0
}
[13:44:34] Benchmark: bank-gateway.local:8443 group=X25519MLKEM768 count=50
{
  "target": "localhost:8443",
  "sni": "bank-gateway.local",
  "groups": "X25519MLKEM768",
  "attempts": 50,
  "successes": 50,
  "failures": 0,
  "mean_ms": 10.097,
  "median_ms": 10.071,
  "p95_ms": 10.785,
  "min_ms": 8.903,
  "max_ms": 11.753,
  "failure_samples": []
}
[13:44:36] Benchmark: bank-gateway.local:8443 group=X25519 count=50
{
  "target": "localhost:8443",
  "sni": "bank-gateway.local",
  "groups": "X25519",
  "attempts": 50,
  "successes": 50,
  "failures": 0,
  "mean_ms": 10.045,
  "median_ms": 10.086,
  "p95_ms": 10.506,
  "min_ms": 8.793,
  "max_ms": 10.823,
  "failure_samples": []
}
[13:44:37] All v2 experiments completed: experiment-results/20260710T054349Z
